13:30:21:819 [main] INFO  testCases.TC001_AccountRegistrationTest - ****** Starting TC001_AccountRegistrationTest *******
13:30:22:220 [main] INFO  testCases.TC001_AccountRegistrationTest - Clicked on MyAccount Link....
13:30:23:117 [main] INFO  testCases.TC001_AccountRegistrationTest - Clicked on my Register Link....
13:30:23:131 [main] INFO  testCases.TC001_AccountRegistrationTest - Providing Customer details....
13:30:25:230 [main] INFO  testCases.TC001_AccountRegistrationTest - Validating expected message...
13:31:49:828 [main] INFO  testCases.TC001_AccountRegistrationTest - ****** Starting TC001_AccountRegistrationTest *******
13:31:50:066 [main] INFO  testCases.TC001_AccountRegistrationTest - Clicked on MyAccount Link....
13:31:51:497 [main] INFO  testCases.TC001_AccountRegistrationTest - Clicked on my Register Link....
13:31:51:508 [main] INFO  testCases.TC001_AccountRegistrationTest - Providing Customer details....
13:31:53:092 [main] INFO  testCases.TC001_AccountRegistrationTest - Validating expected message...
13:31:53:158 [main] ERROR testCases.TC001_AccountRegistrationTest - Test Failed....
13:31:53:158 [main] DEBUG testCases.TC001_AccountRegistrationTest - Debug logs...
14:21:21:941 [main] INFO  testCases.TC001_AccountRegistrationTest - ****** Starting TC001_AccountRegistrationTest *******
14:21:22:150 [main] INFO  testCases.TC001_AccountRegistrationTest - Clicked on MyAccount Link....
14:21:22:924 [main] INFO  testCases.TC001_AccountRegistrationTest - Clicked on my Register Link....
14:21:22:933 [main] INFO  testCases.TC001_AccountRegistrationTest - Providing Customer details....
14:21:24:712 [main] INFO  testCases.TC001_AccountRegistrationTest - Validating expected message...
14:21:24:787 [main] ERROR testCases.TC001_AccountRegistrationTest - Test Failed....
14:21:24:787 [main] DEBUG testCases.TC001_AccountRegistrationTest - Debug logs...
14:21:56:963 [main] INFO  testCases.TC001_AccountRegistrationTest - ****** Starting TC001_AccountRegistrationTest *******
14:21:57:316 [main] INFO  testCases.TC001_AccountRegistrationTest - Clicked on MyAccount Link....
14:21:58:327 [main] INFO  testCases.TC001_AccountRegistrationTest - Clicked on my Register Link....
14:21:58:333 [main] INFO  testCases.TC001_AccountRegistrationTest - Providing Customer details....
14:22:00:112 [main] INFO  testCases.TC001_AccountRegistrationTest - Validating expected message...
14:22:53:081 [main] INFO  testCases.TC001_AccountRegistrationTest - ****** Starting TC001_AccountRegistrationTest *******
14:22:53:480 [main] INFO  testCases.TC001_AccountRegistrationTest - Clicked on MyAccount Link....
14:22:54:346 [main] INFO  testCases.TC001_AccountRegistrationTest - Clicked on my Register Link....
14:22:54:376 [main] INFO  testCases.TC001_AccountRegistrationTest - Providing Customer details....
14:22:55:996 [main] INFO  testCases.TC001_AccountRegistrationTest - Validating expected message...
14:23:30:239 [main] INFO  testCases.TC001_AccountRegistrationTest - ****** Starting TC001_AccountRegistrationTest *******
14:23:30:428 [main] INFO  testCases.TC001_AccountRegistrationTest - Clicked on MyAccount Link....
14:23:31:210 [main] INFO  testCases.TC001_AccountRegistrationTest - Clicked on my Register Link....
14:23:31:213 [main] INFO  testCases.TC001_AccountRegistrationTest - Providing Customer details....
14:23:33:121 [main] INFO  testCases.TC001_AccountRegistrationTest - Validating expected message...
14:31:15:203 [main] INFO  testCases.TC001_AccountRegistrationTest - ****** Starting TC001_AccountRegistrationTest *******
14:31:15:634 [main] INFO  testCases.TC001_AccountRegistrationTest - Clicked on MyAccount Link....
14:31:16:401 [main] INFO  testCases.TC001_AccountRegistrationTest - Clicked on my Register Link....
14:31:16:407 [main] INFO  testCases.TC001_AccountRegistrationTest - Providing Customer details....
14:31:18:354 [main] INFO  testCases.TC001_AccountRegistrationTest - Validating expected message...
14:31:23:584 [main] INFO  testCases.TC001_AccountRegistrationTest - ****** Starting TC001_AccountRegistrationTest *******
14:31:23:886 [main] INFO  testCases.TC001_AccountRegistrationTest - Clicked on MyAccount Link....
14:31:24:660 [main] INFO  testCases.TC001_AccountRegistrationTest - Clicked on my Register Link....
14:31:24:664 [main] INFO  testCases.TC001_AccountRegistrationTest - Providing Customer details....
14:31:26:663 [main] INFO  testCases.TC001_AccountRegistrationTest - Validating expected message...
14:31:36:308 [main] INFO  testCases.TC001_AccountRegistrationTest - ****** Starting TC001_AccountRegistrationTest *******
14:31:36:651 [main] INFO  testCases.TC001_AccountRegistrationTest - Clicked on MyAccount Link....
14:31:37:453 [main] INFO  testCases.TC001_AccountRegistrationTest - Clicked on my Register Link....
14:31:37:455 [main] INFO  testCases.TC001_AccountRegistrationTest - Providing Customer details....
14:31:38:941 [main] INFO  testCases.TC001_AccountRegistrationTest - Validating expected message...
14:32:28:769 [TestNG-tests-2] INFO  testCases.TC001_AccountRegistrationTest - ****** Starting TC001_AccountRegistrationTest *******
14:32:28:763 [TestNG-tests-1] INFO  testCases.TC001_AccountRegistrationTest - ****** Starting TC001_AccountRegistrationTest *******
14:32:30:019 [TestNG-tests-1] INFO  testCases.TC001_AccountRegistrationTest - Clicked on MyAccount Link....
14:32:30:269 [TestNG-tests-2] INFO  testCases.TC001_AccountRegistrationTest - Clicked on MyAccount Link....
14:32:32:003 [TestNG-tests-2] INFO  testCases.TC001_AccountRegistrationTest - Clicked on my Register Link....
14:32:32:034 [TestNG-tests-2] INFO  testCases.TC001_AccountRegistrationTest - Providing Customer details....
14:32:32:327 [TestNG-tests-1] INFO  testCases.TC001_AccountRegistrationTest - Clicked on my Register Link....
14:32:32:328 [TestNG-tests-1] INFO  testCases.TC001_AccountRegistrationTest - Providing Customer details....
14:32:37:887 [TestNG-tests-1] INFO  testCases.TC001_AccountRegistrationTest - Validating expected message...
14:32:38:277 [TestNG-tests-2] INFO  testCases.TC001_AccountRegistrationTest - Validating expected message...
14:32:39:668 [TestNG-tests-3] INFO  testCases.TC001_AccountRegistrationTest - ****** Starting TC001_AccountRegistrationTest *******
14:32:39:975 [TestNG-tests-3] INFO  testCases.TC001_AccountRegistrationTest - Clicked on MyAccount Link....
14:32:41:005 [TestNG-tests-3] INFO  testCases.TC001_AccountRegistrationTest - Clicked on my Register Link....
14:32:41:006 [TestNG-tests-3] INFO  testCases.TC001_AccountRegistrationTest - Providing Customer details....
14:32:43:067 [TestNG-tests-3] INFO  testCases.TC001_AccountRegistrationTest - Validating expected message...
15:39:59:169 [main] INFO  testCases.TC001_AccountRegistrationTest - ****** Starting TC001_AccountRegistrationTest *******
15:39:59:392 [main] INFO  testCases.TC001_AccountRegistrationTest - Clicked on MyAccount Link....
15:40:00:298 [main] INFO  testCases.TC001_AccountRegistrationTest - Clicked on my Register Link....
15:40:00:304 [main] INFO  testCases.TC001_AccountRegistrationTest - Providing Customer details....
15:40:02:978 [main] INFO  testCases.TC001_AccountRegistrationTest - Validating expected message...
15:41:33:433 [main] INFO  testCases.TC001_AccountRegistrationTest - ****** Starting TC001_AccountRegistrationTest *******
15:41:33:645 [main] INFO  testCases.TC001_AccountRegistrationTest - Clicked on MyAccount Link....
15:41:34:429 [main] INFO  testCases.TC001_AccountRegistrationTest - Clicked on my Register Link....
15:41:34:437 [main] INFO  testCases.TC001_AccountRegistrationTest - Providing Customer details....
15:41:37:119 [main] INFO  testCases.TC001_AccountRegistrationTest - Validating expected message...
17:26:52:814 [main] INFO  testCases.TC001_AccountRegistrationTest - ****** Starting TC001_AccountRegistrationTest *******
17:26:53:046 [main] INFO  testCases.TC001_AccountRegistrationTest - Clicked on MyAccount Link....
17:26:53:813 [main] INFO  testCases.TC001_AccountRegistrationTest - Clicked on my Register Link....
17:26:53:818 [main] INFO  testCases.TC001_AccountRegistrationTest - Providing Customer details....
17:26:56:103 [main] INFO  testCases.TC001_AccountRegistrationTest - Validating expected message...
17:27:01:054 [main] INFO  testCases.TC002_LoginTest - ****** Starting TC002_LoginTest ****** 
17:28:24:318 [main] INFO  testCases.TC001_AccountRegistrationTest - ****** Starting TC001_AccountRegistrationTest *******
17:28:24:645 [main] INFO  testCases.TC001_AccountRegistrationTest - Clicked on MyAccount Link....
17:28:25:548 [main] INFO  testCases.TC001_AccountRegistrationTest - Clicked on my Register Link....
17:28:25:558 [main] INFO  testCases.TC001_AccountRegistrationTest - Providing Customer details....
17:28:27:298 [main] INFO  testCases.TC001_AccountRegistrationTest - Validating expected message...
17:28:32:394 [main] INFO  testCases.TC002_LoginTest - ****** Starting TC002_LoginTest ****** 
17:28:34:520 [main] INFO  testCases.TC002_LoginTest - ****** Finished TC002_LoginTest ****** 
18:20:20:817 [main] DEBUG org.testng.TestNG - suiteXmlPath: "C:\Users\shree\eclipse-workspace\AkshayMavenProject\src\main\java\pages\Opencartv143\master.xml"
18:20:21:261 [main] INFO  org.testng.internal.Utils - [TestNG] Running:
  C:\Users\shree\eclipse-workspace\AkshayMavenProject\src\main\java\pages\Opencartv143\master.xml

18:20:30:862 [main] INFO  testCases.TC001_AccountRegistrationTest - ****** Starting TC001_AccountRegistrationTest *******
18:20:31:147 [main] INFO  testCases.TC001_AccountRegistrationTest - Clicked on MyAccount Link....
18:20:32:035 [main] INFO  testCases.TC001_AccountRegistrationTest - Clicked on my Register Link....
18:20:32:046 [main] INFO  testCases.TC001_AccountRegistrationTest - Providing Customer details....
18:20:34:222 [main] INFO  testCases.TC001_AccountRegistrationTest - Validating expected message...
18:20:39:572 [main] INFO  testCases.TC002_LoginTest - ****** Starting TC002_LoginTest ****** 
18:20:42:207 [main] INFO  testCases.TC002_LoginTest - ****** Finished TC002_LoginTest ****** 
15:35:39:077 [main] DEBUG org.testng.TestNG - suiteXmlPath: "C:\Users\shree\eclipse-workspace\AkshayMavenProject\src\main\java\pages\Opencartv143\master.xml"
15:35:39:575 [main] INFO  org.testng.internal.Utils - [TestNG] Running:
  C:\Users\shree\eclipse-workspace\AkshayMavenProject\src\main\java\pages\Opencartv143\master.xml

15:38:11:843 [main] DEBUG org.testng.TestNG - suiteXmlPath: "C:\Users\shree\eclipse-workspace\AkshayMavenProject\src\main\java\pages\Opencartv143\master.xml"
15:38:12:267 [main] INFO  org.testng.internal.Utils - [TestNG] Running:
  C:\Users\shree\eclipse-workspace\AkshayMavenProject\src\main\java\pages\Opencartv143\master.xml

17:09:11:789 [main] DEBUG org.testng.TestNG - suiteXmlPath: "C:\Users\shree\eclipse-workspace\AkshayMavenProject\src\main\java\pages\Opencartv143\grouping.xml"
17:09:12:388 [main] INFO  org.testng.internal.Utils - [TestNG] Running:
  C:\Users\shree\eclipse-workspace\AkshayMavenProject\src\main\java\pages\Opencartv143\grouping.xml

17:09:20:835 [main] INFO  testCases.TC002_LoginTest - ****** Starting TC002_LoginTest ****** 
17:09:23:492 [main] INFO  testCases.TC002_LoginTest - ****** Finished TC002_LoginTest ****** 
17:10:57:217 [main] DEBUG org.testng.TestNG - suiteXmlPath: "C:\Users\shree\eclipse-workspace\AkshayMavenProject\src\main\java\pages\Opencartv143\grouping.xml"
17:10:57:646 [main] INFO  org.testng.internal.Utils - [TestNG] Running:
  C:\Users\shree\eclipse-workspace\AkshayMavenProject\src\main\java\pages\Opencartv143\grouping.xml

17:11:03:416 [main] INFO  testCases.TC001_AccountRegistrationTest - ****** Starting TC001_AccountRegistrationTest *******
17:11:03:548 [main] INFO  testCases.TC001_AccountRegistrationTest - Clicked on MyAccount Link....
17:11:04:304 [main] INFO  testCases.TC001_AccountRegistrationTest - Clicked on my Register Link....
17:11:04:315 [main] INFO  testCases.TC001_AccountRegistrationTest - Providing Customer details....
17:11:06:320 [main] INFO  testCases.TC001_AccountRegistrationTest - Validating expected message...
17:11:35:156 [main] DEBUG org.testng.TestNG - suiteXmlPath: "C:\Users\shree\eclipse-workspace\AkshayMavenProject\src\main\java\pages\Opencartv143\grouping.xml"
17:11:35:587 [main] INFO  org.testng.internal.Utils - [TestNG] Running:
  C:\Users\shree\eclipse-workspace\AkshayMavenProject\src\main\java\pages\Opencartv143\grouping.xml

17:11:40:298 [main] INFO  testCases.TC001_AccountRegistrationTest - ****** Starting TC001_AccountRegistrationTest *******
17:11:40:572 [main] INFO  testCases.TC001_AccountRegistrationTest - Clicked on MyAccount Link....
17:11:41:704 [main] INFO  testCases.TC001_AccountRegistrationTest - Clicked on my Register Link....
17:11:41:707 [main] INFO  testCases.TC001_AccountRegistrationTest - Providing Customer details....
17:11:43:461 [main] INFO  testCases.TC001_AccountRegistrationTest - Validating expected message...
17:11:47:798 [main] INFO  testCases.TC002_LoginTest - ****** Starting TC002_LoginTest ****** 
17:11:50:870 [main] INFO  testCases.TC002_LoginTest - ****** Finished TC002_LoginTest ****** 
17:14:56:553 [main] DEBUG org.testng.TestNG - suiteXmlPath: "C:\Users\shree\eclipse-workspace\AkshayMavenProject\src\main\java\pages\Opencartv143\grouping.xml"
17:14:57:033 [main] INFO  org.testng.internal.Utils - [TestNG] Running:
  C:\Users\shree\eclipse-workspace\AkshayMavenProject\src\main\java\pages\Opencartv143\grouping.xml

17:15:42:551 [main] DEBUG org.testng.TestNG - suiteXmlPath: "C:\Users\shree\eclipse-workspace\AkshayMavenProject\src\main\java\pages\Opencartv143\grouping.xml"
17:15:42:962 [main] INFO  org.testng.internal.Utils - [TestNG] Running:
  C:\Users\shree\eclipse-workspace\AkshayMavenProject\src\main\java\pages\Opencartv143\grouping.xml

17:17:36:900 [main] DEBUG org.testng.TestNG - suiteXmlPath: "C:\Users\shree\eclipse-workspace\AkshayMavenProject\src\main\java\pages\Opencartv143\grouping.xml"
17:17:37:293 [main] INFO  org.testng.internal.Utils - [TestNG] Running:
  C:\Users\shree\eclipse-workspace\AkshayMavenProject\src\main\java\pages\Opencartv143\grouping.xml

19:45:49:544 [main] DEBUG org.testng.TestNG - suiteXmlPath: "C:\Users\shree\eclipse-workspace\AkshayMavenProject\src\main\java\pages\Opencartv143\grouping.xml"
19:45:50:034 [main] INFO  org.testng.internal.Utils - [TestNG] Running:
  C:\Users\shree\eclipse-workspace\AkshayMavenProject\src\main\java\pages\Opencartv143\grouping.xml

19:46:02:286 [main] INFO  testCases.TC001_AccountRegistrationTest - ****** Starting TC001_AccountRegistrationTest *******
19:46:02:714 [main] INFO  testCases.TC001_AccountRegistrationTest - Clicked on MyAccount Link....
19:46:03:427 [main] INFO  testCases.TC001_AccountRegistrationTest - Clicked on my Register Link....
19:46:03:434 [main] INFO  testCases.TC001_AccountRegistrationTest - Providing Customer details....
19:46:05:203 [main] INFO  testCases.TC001_AccountRegistrationTest - Validating expected message...
19:46:09:449 [main] INFO  testCases.TC002_LoginTest - ****** Starting TC002_LoginTest ****** 
19:46:11:176 [main] INFO  testCases.TC002_LoginTest - ****** Finished TC002_LoginTest ****** 
19:49:51:050 [main] DEBUG org.testng.TestNG - suiteXmlPath: "C:\Users\shree\eclipse-workspace\AkshayMavenProject\src\main\java\pages\Opencartv143\master.xml"
19:49:51:534 [main] INFO  org.testng.internal.Utils - [TestNG] Running:
  C:\Users\shree\eclipse-workspace\AkshayMavenProject\src\main\java\pages\Opencartv143\master.xml

19:49:57:141 [main] INFO  testCases.TC001_AccountRegistrationTest - ****** Starting TC001_AccountRegistrationTest *******
19:49:57:525 [main] INFO  testCases.TC001_AccountRegistrationTest - Clicked on MyAccount Link....
19:49:58:457 [main] INFO  testCases.TC001_AccountRegistrationTest - Clicked on my Register Link....
19:49:58:467 [main] INFO  testCases.TC001_AccountRegistrationTest - Providing Customer details....
19:50:00:697 [main] INFO  testCases.TC001_AccountRegistrationTest - Validating expected message...
19:50:05:387 [main] INFO  testCases.TC002_LoginTest - ****** Starting TC002_LoginTest ****** 
19:50:07:177 [main] INFO  testCases.TC002_LoginTest - ****** Finished TC002_LoginTest ****** 
10:09:09:065 [main] DEBUG org.testng.TestNG - suiteXmlPath: "C:\Users\shree\eclipse-workspace\AkshayMavenProject\src\main\java\pages\Opencartv143\master.xml"
10:09:09:621 [main] INFO  org.testng.internal.Utils - [TestNG] Running:
  C:\Users\shree\eclipse-workspace\AkshayMavenProject\src\main\java\pages\Opencartv143\master.xml

10:09:20:001 [main] INFO  testCases.TC001_AccountRegistrationTest - ****** Starting TC001_AccountRegistrationTest *******
10:09:20:168 [main] INFO  testCases.TC001_AccountRegistrationTest - Clicked on MyAccount Link....
10:09:21:129 [main] INFO  testCases.TC001_AccountRegistrationTest - Clicked on my Register Link....
10:09:21:140 [main] INFO  testCases.TC001_AccountRegistrationTest - Providing Customer details....
10:09:22:904 [main] INFO  testCases.TC001_AccountRegistrationTest - Validating expected message...
10:09:27:541 [main] INFO  testCases.TC002_LoginTest - ****** Starting TC002_LoginTest ****** 
10:09:29:514 [main] INFO  testCases.TC002_LoginTest - ****** Finished TC002_LoginTest ****** 
10:10:36:411 [main] DEBUG org.testng.TestNG - suiteXmlPath: "C:\Users\shree\eclipse-workspace\AkshayMavenProject\src\main\java\pages\Opencartv143\master.xml"
10:10:37:083 [main] INFO  org.testng.internal.Utils - [TestNG] Running:
  C:\Users\shree\eclipse-workspace\AkshayMavenProject\src\main\java\pages\Opencartv143\master.xml

10:10:43:443 [main] INFO  testCases.TC001_AccountRegistrationTest - ****** Starting TC001_AccountRegistrationTest *******
10:10:43:647 [main] INFO  testCases.TC001_AccountRegistrationTest - Clicked on MyAccount Link....
10:10:44:369 [main] INFO  testCases.TC001_AccountRegistrationTest - Clicked on my Register Link....
10:10:44:380 [main] INFO  testCases.TC001_AccountRegistrationTest - Providing Customer details....
10:10:46:395 [main] INFO  testCases.TC001_AccountRegistrationTest - Validating expected message...
10:10:50:791 [main] INFO  testCases.TC002_LoginTest - ****** Starting TC002_LoginTest ****** 
10:10:53:189 [main] INFO  testCases.TC002_LoginTest - ****** Finished TC002_LoginTest ****** 
10:16:04:963 [main] DEBUG org.testng.TestNG - suiteXmlPath: "C:\Users\shree\eclipse-workspace\AkshayMavenProject\src\main\java\pages\Opencartv143\master.xml"
10:16:05:418 [main] INFO  org.testng.internal.Utils - [TestNG] Running:
  C:\Users\shree\eclipse-workspace\AkshayMavenProject\src\main\java\pages\Opencartv143\master.xml

10:16:12:112 [main] INFO  testCases.TC001_AccountRegistrationTest - ****** Starting TC001_AccountRegistrationTest *******
10:16:12:296 [main] INFO  testCases.TC001_AccountRegistrationTest - Clicked on MyAccount Link....
10:16:12:840 [main] INFO  testCases.TC001_AccountRegistrationTest - Clicked on my Register Link....
10:16:12:846 [main] INFO  testCases.TC001_AccountRegistrationTest - Providing Customer details....
10:16:14:825 [main] INFO  testCases.TC001_AccountRegistrationTest - Validating expected message...
10:16:20:651 [main] INFO  testCases.TC002_LoginTest - ****** Starting TC002_LoginTest ****** 
10:16:22:929 [main] INFO  testCases.TC002_LoginTest - ****** Finished TC002_LoginTest ****** 
10:23:50:735 [main] DEBUG org.testng.TestNG - suiteXmlPath: "C:\Users\shree\eclipse-workspace\AkshayMavenProject\src\main\java\pages\Opencartv143\master.xml"
10:23:51:233 [main] INFO  org.testng.internal.Utils - [TestNG] Running:
  C:\Users\shree\eclipse-workspace\AkshayMavenProject\src\main\java\pages\Opencartv143\master.xml

10:23:58:131 [main] INFO  testCases.TC001_AccountRegistrationTest - ****** Starting TC001_AccountRegistrationTest *******
10:23:58:302 [main] INFO  testCases.TC001_AccountRegistrationTest - Clicked on MyAccount Link....
10:23:59:341 [main] INFO  testCases.TC001_AccountRegistrationTest - Clicked on my Register Link....
10:23:59:355 [main] INFO  testCases.TC001_AccountRegistrationTest - Providing Customer details....
10:24:01:282 [main] INFO  testCases.TC001_AccountRegistrationTest - Validating expected message...
10:24:06:120 [main] INFO  testCases.TC002_LoginTest - ****** Starting TC002_LoginTest ****** 
10:26:46:235 [main] DEBUG org.testng.TestNG - suiteXmlPath: "C:\Users\shree\eclipse-workspace\AkshayMavenProject\src\main\java\pages\Opencartv143\test-output\testng-failed.xml"
10:26:46:765 [main] INFO  org.testng.internal.Utils - [TestNG] Running:
  C:\Users\shree\eclipse-workspace\AkshayMavenProject\src\main\java\pages\Opencartv143\test-output\testng-failed.xml

10:26:54:649 [main] INFO  testCases.TC002_LoginTest - ****** Starting TC002_LoginTest ****** 
10:26:56:882 [main] INFO  testCases.TC002_LoginTest - ****** Finished TC002_LoginTest ****** 
10:34:24:119 [main] DEBUG org.testng.TestNG - suiteXmlPath: "C:\Users\shree\eclipse-workspace\AkshayMavenProject\src\main\java\pages\Opencartv143\master.xml"
10:34:24:581 [main] INFO  org.testng.internal.Utils - [TestNG] Running:
  C:\Users\shree\eclipse-workspace\AkshayMavenProject\src\main\java\pages\Opencartv143\master.xml

10:34:31:054 [main] INFO  testCases.TC001_AccountRegistrationTest - ****** Starting TC001_AccountRegistrationTest *******
10:34:31:339 [main] INFO  testCases.TC001_AccountRegistrationTest - Clicked on MyAccount Link....
10:34:32:140 [main] INFO  testCases.TC001_AccountRegistrationTest - Clicked on my Register Link....
10:34:32:144 [main] INFO  testCases.TC001_AccountRegistrationTest - Providing Customer details....
10:34:34:048 [main] INFO  testCases.TC001_AccountRegistrationTest - Validating expected message...
10:34:34:102 [main] ERROR testCases.TC001_AccountRegistrationTest - Test Failed....
10:34:34:102 [main] DEBUG testCases.TC001_AccountRegistrationTest - Debug logs...
10:34:38:925 [main] INFO  testCases.TC002_LoginTest - ****** Starting TC002_LoginTest ****** 
10:34:40:784 [main] INFO  testCases.TC002_LoginTest - ****** Finished TC002_LoginTest ****** 
10:36:05:931 [main] DEBUG org.testng.TestNG - suiteXmlPath: "C:\Users\shree\eclipse-workspace\AkshayMavenProject\src\main\java\pages\Opencartv143\master.xml"
10:36:06:906 [main] INFO  org.testng.internal.Utils - [TestNG] Running:
  C:\Users\shree\eclipse-workspace\AkshayMavenProject\src\main\java\pages\Opencartv143\master.xml

10:36:16:912 [main] INFO  testCases.TC001_AccountRegistrationTest - ****** Starting TC001_AccountRegistrationTest *******
10:36:17:137 [main] INFO  testCases.TC001_AccountRegistrationTest - Clicked on MyAccount Link....
10:36:18:045 [main] INFO  testCases.TC001_AccountRegistrationTest - Clicked on my Register Link....
10:36:18:050 [main] INFO  testCases.TC001_AccountRegistrationTest - Providing Customer details....
10:36:19:981 [main] INFO  testCases.TC001_AccountRegistrationTest - Validating expected message...
10:36:20:049 [main] ERROR testCases.TC001_AccountRegistrationTest - Test Failed....
10:36:20:049 [main] DEBUG testCases.TC001_AccountRegistrationTest - Debug logs...
10:36:25:668 [main] INFO  testCases.TC002_LoginTest - ****** Starting TC002_LoginTest ****** 
10:37:38:176 [main] DEBUG org.testng.TestNG - suiteXmlPath: "C:\Users\shree\eclipse-workspace\AkshayMavenProject\src\main\java\pages\Opencartv143\master.xml"
10:37:38:661 [main] INFO  org.testng.internal.Utils - [TestNG] Running:
  C:\Users\shree\eclipse-workspace\AkshayMavenProject\src\main\java\pages\Opencartv143\master.xml

10:37:44:715 [main] INFO  testCases.TC001_AccountRegistrationTest - ****** Starting TC001_AccountRegistrationTest *******
10:37:45:050 [main] INFO  testCases.TC001_AccountRegistrationTest - Clicked on MyAccount Link....
10:37:46:182 [main] INFO  testCases.TC001_AccountRegistrationTest - Clicked on my Register Link....
10:37:46:192 [main] INFO  testCases.TC001_AccountRegistrationTest - Providing Customer details....
10:37:47:820 [main] INFO  testCases.TC001_AccountRegistrationTest - Validating expected message...
10:37:53:062 [main] INFO  testCases.TC002_LoginTest - ****** Starting TC002_LoginTest ****** 
10:37:55:107 [main] INFO  testCases.TC002_LoginTest - ****** Finished TC002_LoginTest ****** 
14:34:15:716 [main] DEBUG org.testng.TestNG - suiteXmlPath: "C:\Users\shree\eclipse-workspace\AkshayMavenProject\src\main\java\pages\Opencartv143\master.xml"
14:34:16:370 [main] INFO  org.testng.internal.Utils - [TestNG] Running:
  C:\Users\shree\eclipse-workspace\AkshayMavenProject\src\main\java\pages\Opencartv143\master.xml

14:35:18:921 [main] DEBUG org.testng.TestNG - suiteXmlPath: "C:\Users\shree\eclipse-workspace\AkshayMavenProject\src\main\java\pages\Opencartv143\master.xml"
14:35:19:384 [main] INFO  org.testng.internal.Utils - [TestNG] Running:
  C:\Users\shree\eclipse-workspace\AkshayMavenProject\src\main\java\pages\Opencartv143\master.xml

14:36:04:112 [main] INFO  testCases.TC001_AccountRegistrationTest - ****** Starting TC001_AccountRegistrationTest *******
14:36:04:382 [main] INFO  testCases.TC001_AccountRegistrationTest - Clicked on MyAccount Link....
14:36:06:325 [main] INFO  testCases.TC001_AccountRegistrationTest - Clicked on my Register Link....
14:36:06:330 [main] INFO  testCases.TC001_AccountRegistrationTest - Providing Customer details....
14:36:08:809 [main] INFO  testCases.TC001_AccountRegistrationTest - Validating expected message...
14:36:26:362 [main] INFO  testCases.TC002_LoginTest - ****** Starting TC002_LoginTest ****** 
14:36:27:477 [main] INFO  testCases.TC001_AccountRegistrationTest - ****** Starting TC001_AccountRegistrationTest *******
14:36:27:924 [main] INFO  testCases.TC001_AccountRegistrationTest - Clicked on MyAccount Link....
14:36:29:870 [main] INFO  testCases.TC002_LoginTest - ****** Finished TC002_LoginTest ****** 
14:36:32:698 [main] INFO  testCases.TC001_AccountRegistrationTest - Clicked on my Register Link....
14:36:32:710 [main] INFO  testCases.TC001_AccountRegistrationTest - Providing Customer details....
14:36:34:889 [main] INFO  testCases.TC001_AccountRegistrationTest - Validating expected message...
14:36:46:137 [main] INFO  testCases.TC002_LoginTest - ****** Starting TC002_LoginTest ****** 
14:36:48:220 [main] INFO  testCases.TC002_LoginTest - ****** Finished TC002_LoginTest ****** 
14:37:46:730 [main] DEBUG org.testng.TestNG - suiteXmlPath: "C:\Users\shree\eclipse-workspace\AkshayMavenProject\src\main\java\pages\Opencartv143\master.xml"
14:37:47:442 [main] INFO  org.testng.internal.Utils - [TestNG] Running:
  C:\Users\shree\eclipse-workspace\AkshayMavenProject\src\main\java\pages\Opencartv143\master.xml

14:37:59:444 [main] INFO  testCases.TC001_AccountRegistrationTest - ****** Starting TC001_AccountRegistrationTest *******
14:37:59:793 [main] INFO  testCases.TC001_AccountRegistrationTest - Clicked on MyAccount Link....
14:38:01:255 [main] INFO  testCases.TC001_AccountRegistrationTest - Clicked on my Register Link....
14:38:01:261 [main] INFO  testCases.TC001_AccountRegistrationTest - Providing Customer details....
14:38:04:004 [main] INFO  testCases.TC001_AccountRegistrationTest - Validating expected message...
14:38:31:465 [main] INFO  testCases.TC002_LoginTest - ****** Starting TC002_LoginTest ****** 
14:38:36:452 [main] INFO  testCases.TC002_LoginTest - ****** Finished TC002_LoginTest ****** 
15:07:41:680 [main] DEBUG org.testng.TestNG - suiteXmlPath: "C:\Users\shree\eclipse-workspace\AkshayMavenProject\src\main\java\pages\Opencartv143\crossbrowsertesting.xml"
15:07:42:317 [main] INFO  org.testng.internal.Utils - [TestNG] Running:
  C:\Users\shree\eclipse-workspace\AkshayMavenProject\src\main\java\pages\Opencartv143\crossbrowsertesting.xml

15:07:42:610 [TestNG-tests-3] INFO  testCases.TC001_AccountRegistrationTest - ****** Starting TC001_AccountRegistrationTest *******
15:07:51:306 [TestNG-tests-1] INFO  testCases.TC001_AccountRegistrationTest - ****** Starting TC001_AccountRegistrationTest *******
15:07:52:225 [TestNG-tests-1] INFO  testCases.TC001_AccountRegistrationTest - Clicked on MyAccount Link....
15:07:53:339 [TestNG-tests-1] INFO  testCases.TC001_AccountRegistrationTest - Clicked on my Register Link....
15:07:53:357 [TestNG-tests-1] INFO  testCases.TC001_AccountRegistrationTest - Providing Customer details....
15:07:57:664 [TestNG-tests-1] INFO  testCases.TC001_AccountRegistrationTest - Validating expected message...
15:08:00:781 [TestNG-tests-2] INFO  testCases.TC001_AccountRegistrationTest - ****** Starting TC001_AccountRegistrationTest *******
15:08:01:080 [TestNG-tests-2] INFO  testCases.TC001_AccountRegistrationTest - Clicked on MyAccount Link....
15:08:01:892 [TestNG-tests-2] INFO  testCases.TC001_AccountRegistrationTest - Clicked on my Register Link....
15:08:01:893 [TestNG-tests-2] INFO  testCases.TC001_AccountRegistrationTest - Providing Customer details....
15:08:04:091 [TestNG-tests-2] INFO  testCases.TC001_AccountRegistrationTest - Validating expected message...
16:12:15:958 [main] DEBUG org.testng.TestNG - suiteXmlPath: "C:\Users\shree\eclipse-workspace\AkshayMavenProject\src\main\java\pages\Opencartv143\master.xml"
16:12:17:965 [main] INFO  org.testng.internal.Utils - [TestNG] Running:
  C:\Users\shree\eclipse-workspace\AkshayMavenProject\src\main\java\pages\Opencartv143\master.xml

16:12:19:435 [main] INFO  testCases.TC001_AccountRegistrationTest - ****** Starting TC001_AccountRegistrationTest *******
16:15:29:332 [main] DEBUG org.testng.TestNG - suiteXmlPath: "C:\Users\shree\eclipse-workspace\AkshayMavenProject\src\main\java\pages\Opencartv143\master.xml"
16:15:30:114 [main] INFO  org.testng.internal.Utils - [TestNG] Running:
  C:\Users\shree\eclipse-workspace\AkshayMavenProject\src\main\java\pages\Opencartv143\master.xml

16:15:30:734 [main] INFO  testCases.TC001_AccountRegistrationTest - ****** Starting TC001_AccountRegistrationTest *******
16:15:30:885 [main] INFO  testCases.TC002_LoginTest - ****** Starting TC002_LoginTest ****** 
16:17:12:098 [main] DEBUG org.testng.TestNG - suiteXmlPath: "C:\Users\shree\eclipse-workspace\AkshayMavenProject\src\main\java\pages\Opencartv143\master.xml"
16:17:12:692 [main] INFO  org.testng.internal.Utils - [TestNG] Running:
  C:\Users\shree\eclipse-workspace\AkshayMavenProject\src\main\java\pages\Opencartv143\master.xml

16:17:13:354 [main] INFO  testCases.TC001_AccountRegistrationTest - ****** Starting TC001_AccountRegistrationTest *******
16:17:13:482 [main] INFO  testCases.TC002_LoginTest - ****** Starting TC002_LoginTest ****** 
16:19:02:546 [main] DEBUG org.testng.TestNG - suiteXmlPath: "C:\Users\shree\eclipse-workspace\AkshayMavenProject\src\main\java\pages\Opencartv143\master.xml"
16:19:03:197 [main] INFO  org.testng.internal.Utils - [TestNG] Running:
  C:\Users\shree\eclipse-workspace\AkshayMavenProject\src\main\java\pages\Opencartv143\master.xml

16:19:04:034 [main] INFO  testCases.TC001_AccountRegistrationTest - ****** Starting TC001_AccountRegistrationTest *******
16:19:04:231 [main] INFO  testCases.TC002_LoginTest - ****** Starting TC002_LoginTest ****** 
16:22:28:384 [main] DEBUG org.testng.TestNG - suiteXmlPath: "C:\Users\shree\eclipse-workspace\AkshayMavenProject\src\main\java\pages\Opencartv143\master.xml"
16:22:28:962 [main] INFO  org.testng.internal.Utils - [TestNG] Running:
  C:\Users\shree\eclipse-workspace\AkshayMavenProject\src\main\java\pages\Opencartv143\master.xml

16:22:29:744 [main] INFO  testCases.TC001_AccountRegistrationTest - ****** Starting TC001_AccountRegistrationTest *******
16:22:29:866 [main] INFO  testCases.TC002_LoginTest - ****** Starting TC002_LoginTest ****** 
16:24:25:946 [main] DEBUG org.testng.TestNG - suiteXmlPath: "C:\Users\shree\eclipse-workspace\AkshayMavenProject\src\main\java\pages\Opencartv143\master.xml"
16:24:26:666 [main] INFO  org.testng.internal.Utils - [TestNG] Running:
  C:\Users\shree\eclipse-workspace\AkshayMavenProject\src\main\java\pages\Opencartv143\master.xml

16:24:27:313 [main] INFO  testCases.TC001_AccountRegistrationTest - ****** Starting TC001_AccountRegistrationTest *******
16:24:27:409 [main] INFO  testCases.TC002_LoginTest - ****** Starting TC002_LoginTest ****** 
16:29:22:851 [main] DEBUG org.testng.TestNG - suiteXmlPath: "C:\Users\shree\eclipse-workspace\AkshayMavenProject\src\main\java\pages\Opencartv143\master.xml"
16:29:23:443 [main] INFO  org.testng.internal.Utils - [TestNG] Running:
  C:\Users\shree\eclipse-workspace\AkshayMavenProject\src\main\java\pages\Opencartv143\master.xml

16:29:23:906 [main] INFO  testCases.TC001_AccountRegistrationTest - ****** Starting TC001_AccountRegistrationTest *******
16:29:24:119 [main] INFO  testCases.TC002_LoginTest - ****** Starting TC002_LoginTest ****** 
16:30:08:126 [main] DEBUG org.testng.TestNG - suiteXmlPath: "C:\Users\shree\eclipse-workspace\AkshayMavenProject\src\main\java\pages\Opencartv143\master.xml"
16:30:08:744 [main] INFO  org.testng.internal.Utils - [TestNG] Running:
  C:\Users\shree\eclipse-workspace\AkshayMavenProject\src\main\java\pages\Opencartv143\master.xml

16:30:26:966 [main] INFO  testCases.TC001_AccountRegistrationTest - ****** Starting TC001_AccountRegistrationTest *******
16:30:29:588 [main] INFO  testCases.TC001_AccountRegistrationTest - Clicked on MyAccount Link....
16:30:32:363 [main] INFO  testCases.TC001_AccountRegistrationTest - Clicked on my Register Link....
16:30:32:373 [main] INFO  testCases.TC001_AccountRegistrationTest - Providing Customer details....
16:30:35:786 [main] INFO  testCases.TC001_AccountRegistrationTest - Validating expected message...
16:30:42:987 [main] INFO  testCases.TC002_LoginTest - ****** Starting TC002_LoginTest ****** 
16:30:48:674 [main] INFO  testCases.TC002_LoginTest - ****** Finished TC002_LoginTest ****** 
16:32:29:801 [main] DEBUG org.testng.TestNG - suiteXmlPath: "C:\Users\shree\eclipse-workspace\AkshayMavenProject\src\main\java\pages\Opencartv143\master.xml"
16:32:30:654 [main] INFO  org.testng.internal.Utils - [TestNG] Running:
  C:\Users\shree\eclipse-workspace\AkshayMavenProject\src\main\java\pages\Opencartv143\master.xml

16:32:31:667 [main] INFO  testCases.TC001_AccountRegistrationTest - ****** Starting TC001_AccountRegistrationTest *******
16:32:31:763 [main] INFO  testCases.TC002_LoginTest - ****** Starting TC002_LoginTest ****** 
16:33:36:550 [main] DEBUG org.testng.TestNG - suiteXmlPath: "C:\Users\shree\eclipse-workspace\AkshayMavenProject\src\main\java\pages\Opencartv143\master.xml"
16:33:37:304 [main] INFO  org.testng.internal.Utils - [TestNG] Running:
  C:\Users\shree\eclipse-workspace\AkshayMavenProject\src\main\java\pages\Opencartv143\master.xml

16:34:20:507 [main] INFO  testCases.TC001_AccountRegistrationTest - ****** Starting TC001_AccountRegistrationTest *******
16:34:24:224 [main] INFO  testCases.TC001_AccountRegistrationTest - Clicked on MyAccount Link....
16:34:27:572 [main] INFO  testCases.TC001_AccountRegistrationTest - Clicked on my Register Link....
16:34:27:585 [main] INFO  testCases.TC001_AccountRegistrationTest - Providing Customer details....
16:34:32:458 [main] INFO  testCases.TC001_AccountRegistrationTest - Validating expected message...
16:35:04:233 [main] INFO  testCases.TC002_LoginTest - ****** Starting TC002_LoginTest ****** 
16:35:20:153 [main] INFO  testCases.TC002_LoginTest - ****** Finished TC002_LoginTest ****** 
16:40:07:548 [main] DEBUG org.testng.TestNG - suiteXmlPath: "C:\Users\shree\eclipse-workspace\AkshayMavenProject\src\main\java\pages\Opencartv143\grid-docker.xml"
16:40:36:712 [main] DEBUG org.testng.TestNG - suiteXmlPath: "C:\Users\shree\eclipse-workspace\AkshayMavenProject\src\main\java\pages\Opencartv143\grid-docker.xml"
16:41:05:837 [main] DEBUG org.testng.TestNG - suiteXmlPath: "C:\Users\shree\eclipse-workspace\AkshayMavenProject\src\main\java\pages\Opencartv143\grid-docker.xml"
16:41:31:856 [main] DEBUG org.testng.TestNG - suiteXmlPath: "C:\Users\shree\eclipse-workspace\AkshayMavenProject\src\main\java\pages\Opencartv143\grid-docker.xml"
16:41:32:424 [main] INFO  org.testng.internal.Utils - [TestNG] Running:
  C:\Users\shree\eclipse-workspace\AkshayMavenProject\src\main\java\pages\Opencartv143\grid-docker.xml

16:41:50:430 [main] INFO  testCases.TC001_AccountRegistrationTest - ****** Starting TC001_AccountRegistrationTest *******
16:41:51:289 [main] INFO  testCases.TC001_AccountRegistrationTest - Clicked on MyAccount Link....
16:41:52:458 [main] INFO  testCases.TC001_AccountRegistrationTest - Clicked on my Register Link....
16:41:52:473 [main] INFO  testCases.TC001_AccountRegistrationTest - Providing Customer details....
16:41:56:016 [main] INFO  testCases.TC001_AccountRegistrationTest - Validating expected message...
16:42:06:165 [main] INFO  testCases.TC002_LoginTest - ****** Starting TC002_LoginTest ****** 
16:42:12:919 [main] INFO  testCases.TC002_LoginTest - ****** Finished TC002_LoginTest ****** 
16:42:51:647 [main] DEBUG org.testng.TestNG - suiteXmlPath: "C:\Users\shree\eclipse-workspace\AkshayMavenProject\src\main\java\pages\Opencartv143\grid-docker.xml"
16:42:52:721 [main] INFO  org.testng.internal.Utils - [TestNG] Running:
  C:\Users\shree\eclipse-workspace\AkshayMavenProject\src\main\java\pages\Opencartv143\grid-docker.xml

16:43:59:382 [main] INFO  testCases.TC001_AccountRegistrationTest - ****** Starting TC001_AccountRegistrationTest *******
16:44:08:051 [main] INFO  testCases.TC001_AccountRegistrationTest - Clicked on MyAccount Link....
16:44:18:128 [main] INFO  testCases.TC001_AccountRegistrationTest - ****** Starting TC001_AccountRegistrationTest *******
16:44:29:673 [main] INFO  testCases.TC001_AccountRegistrationTest - Clicked on MyAccount Link....
16:44:38:252 [main] INFO  testCases.TC001_AccountRegistrationTest - Clicked on my Register Link....
16:44:38:346 [main] INFO  testCases.TC001_AccountRegistrationTest - Providing Customer details....
16:44:43:203 [main] INFO  testCases.TC001_AccountRegistrationTest - Clicked on my Register Link....
16:44:43:306 [main] INFO  testCases.TC001_AccountRegistrationTest - Providing Customer details....
16:44:53:353 [main] INFO  testCases.TC001_AccountRegistrationTest - Validating expected message...
16:45:01:332 [main] INFO  testCases.TC001_AccountRegistrationTest - Validating expected message...
16:45:38:923 [main] INFO  testCases.TC002_LoginTest - ****** Starting TC002_LoginTest ****** 
16:46:00:553 [main] INFO  testCases.TC002_LoginTest - ****** Finished TC002_LoginTest ****** 
16:46:16:684 [main] INFO  testCases.TC002_LoginTest - ****** Starting TC002_LoginTest ****** 
16:46:23:847 [main] INFO  testCases.TC002_LoginTest - ****** Finished TC002_LoginTest ****** 
16:46:51:978 [main] INFO  testCases.TC001_AccountRegistrationTest - ****** Starting TC001_AccountRegistrationTest *******
16:47:59:915 [main] INFO  testCases.TC001_AccountRegistrationTest - Clicked on MyAccount Link....
16:48:06:223 [main] INFO  testCases.TC001_AccountRegistrationTest - Clicked on my Register Link....
16:48:06:273 [main] INFO  testCases.TC001_AccountRegistrationTest - Providing Customer details....
16:48:10:346 [main] INFO  testCases.TC001_AccountRegistrationTest - Validating expected message...
17:18:11:280 [main] DEBUG org.testng.TestNG - suiteXmlPath: "C:\Users\shree\eclipse-workspace\AkshayMavenProject\src\main\java\pages\Opencartv143\grid-docker.xml"
17:18:12:451 [main] INFO  org.testng.internal.Utils - [TestNG] Running:
  C:\Users\shree\eclipse-workspace\AkshayMavenProject\src\main\java\pages\Opencartv143\grid-docker.xml

17:19:14:531 [main] INFO  testCases.TC001_AccountRegistrationTest - ****** Starting TC001_AccountRegistrationTest *******
17:19:15:231 [main] INFO  testCases.TC001_AccountRegistrationTest - Clicked on MyAccount Link....
17:19:16:454 [main] INFO  testCases.TC001_AccountRegistrationTest - Clicked on my Register Link....
17:19:16:466 [main] INFO  testCases.TC001_AccountRegistrationTest - Providing Customer details....
17:19:19:430 [main] INFO  testCases.TC001_AccountRegistrationTest - Validating expected message...
17:19:28:197 [main] INFO  testCases.TC002_LoginTest - ****** Starting TC002_LoginTest ****** 
17:19:36:239 [main] INFO  testCases.TC002_LoginTest - ****** Finished TC002_LoginTest ****** 
17:20:21:197 [main] INFO  testCases.TC001_AccountRegistrationTest - ****** Starting TC001_AccountRegistrationTest *******
17:20:22:765 [main] INFO  testCases.TC001_AccountRegistrationTest - Clicked on MyAccount Link....
17:20:24:910 [main] INFO  testCases.TC001_AccountRegistrationTest - Clicked on my Register Link....
17:20:24:919 [main] INFO  testCases.TC001_AccountRegistrationTest - Providing Customer details....
17:20:27:560 [main] INFO  testCases.TC001_AccountRegistrationTest - Validating expected message...
17:20:44:937 [main] INFO  testCases.TC002_LoginTest - ****** Starting TC002_LoginTest ****** 
17:20:50:499 [main] INFO  testCases.TC002_LoginTest - ****** Finished TC002_LoginTest ****** 
10:44:09:001 [main] DEBUG org.testng.TestNG - suiteXmlPath: "C:\Users\shree\eclipse-workspace\AkshayMavenProject\src\main\java\pages\Opencartv143\master.xml"
10:47:18:009 [main] DEBUG org.testng.TestNG - suiteXmlPath: "C:\Users\shree\eclipse-workspace\AkshayMavenProject\src\main\java\pages\Opencartv143\master.xml"
10:47:28:212 [main] INFO  testCases.TC001_AccountRegistrationTest - ****** Starting TC001_AccountRegistrationTest *******
10:47:28:408 [main] INFO  testCases.TC001_AccountRegistrationTest - Clicked on MyAccount Link....
10:47:29:165 [main] INFO  testCases.TC001_AccountRegistrationTest - Clicked on my Register Link....
10:47:29:176 [main] INFO  testCases.TC001_AccountRegistrationTest - Providing Customer details....
10:47:31:338 [main] INFO  testCases.TC001_AccountRegistrationTest - Validating expected message...
10:47:36:939 [main] INFO  testCases.TC002_LoginTest - ****** Starting TC002_LoginTest ****** 
10:47:39:840 [main] INFO  testCases.TC002_LoginTest - ****** Finished TC002_LoginTest ****** 
11:29:29:500 [main] DEBUG org.testng.TestNG - suiteXmlPath: "C:\Users\shree\eclipse-workspace\AkshayMavenProject\src\main\java\pages\Opencartv143\master.xml"
11:29:37:817 [main] INFO  testCases.TC001_AccountRegistrationTest - ****** Starting TC001_AccountRegistrationTest *******
11:29:38:075 [main] INFO  testCases.TC001_AccountRegistrationTest - Clicked on MyAccount Link....
11:29:39:045 [main] INFO  testCases.TC001_AccountRegistrationTest - Clicked on my Register Link....
11:29:39:057 [main] INFO  testCases.TC001_AccountRegistrationTest - Providing Customer details....
11:29:41:074 [main] INFO  testCases.TC001_AccountRegistrationTest - Validating expected message...
11:29:46:818 [main] INFO  testCases.TC002_LoginTest - ****** Starting TC002_LoginTest ****** 
11:29:49:374 [main] INFO  testCases.TC002_LoginTest - ****** Finished TC002_LoginTest ****** 
11:41:20:338 [main] DEBUG org.testng.TestNG - suiteXmlPath: "C:\Users\shree\eclipse-workspace\AkshayMavenProject\src\main\java\pages\Opencartv143\master.xml"
11:41:30:831 [main] INFO  testCases.TC001_AccountRegistrationTest - ****** Starting TC001_AccountRegistrationTest *******
11:41:31:227 [main] INFO  testCases.TC001_AccountRegistrationTest - Clicked on MyAccount Link....
11:41:32:410 [main] INFO  testCases.TC001_AccountRegistrationTest - Clicked on my Register Link....
11:41:32:420 [main] INFO  testCases.TC001_AccountRegistrationTest - Providing Customer details....
11:41:34:922 [main] INFO  testCases.TC001_AccountRegistrationTest - Validating expected message...
11:41:39:809 [main] INFO  testCases.TC002_LoginTest - ****** Starting TC002_LoginTest ****** 
11:41:41:997 [main] INFO  testCases.TC002_LoginTest - ****** Finished TC002_LoginTest ****** 
